2025-05-21 12:40:13,758 - INFO - Starting Clicker application, Python 3.11.9 (tags/v3.11.9:de54cf5, Apr  2 2024, 10:12:12) [MSC v.1938 64 bit (AMD64)], PyQt5 5.15.2
2025-05-21 12:40:17,185 - INFO - User requested restart with admin privileges
2025-05-21 12:40:19,881 - INFO - Starting Clicker application, Python 3.11.9 (tags/v3.11.9:de54cf5, Apr  2 2024, 10:12:12) [MSC v.1938 64 bit (AMD64)], PyQt5 5.15.2
2025-05-21 12:40:19,901 - DEBUG - Created lock file with PID: 11224
2025-05-21 12:40:19,903 - INFO - Settings loaded: toggle_key=~, pause_time=0.5, order_obeyed=False
2025-05-21 12:40:19,903 - INFO - Loaded 4 keystroke configurations
2025-05-21 12:40:19,923 - DEBUG - Using custom icon.ico
2025-05-21 12:40:20,001 - INFO - Hotkey bound to: ~
2025-05-21 12:40:20,001 - DEBUG - File change observer started
2025-05-21 12:40:20,001 - INFO - Clicker application started successfully
2025-05-21 12:40:28,129 - INFO - Starting application cleanup for exit
2025-05-21 12:40:28,129 - DEBUG - Automation stopped
2025-05-21 12:40:28,129 - DEBUG - Stopping file observer
2025-05-21 12:40:28,129 - DEBUG - Observer thread joined
2025-05-21 12:40:28,131 - DEBUG - Cleanup: Removing lockfile
2025-05-21 12:40:28,131 - INFO - All resources cleaned up
2025-05-21 12:40:28,131 - INFO - Exiting application
2025-05-21 12:45:39,339 - INFO - Starting Clicker application, Python 3.11.9 (tags/v3.11.9:de54cf5, Apr  2 2024, 10:12:12) [MSC v.1938 64 bit (AMD64)], PyQt5 5.15.2
2025-05-21 12:45:41,555 - INFO - User declined to restart with admin privileges
2025-05-21 12:45:41,589 - DEBUG - Created lock file with PID: 4516
2025-05-21 12:45:41,590 - INFO - Settings loaded: toggle_key=~, pause_time=0.5, order_obeyed=False
2025-05-21 12:45:41,591 - INFO - Loaded 4 keystroke configurations
2025-05-21 12:45:41,616 - DEBUG - Using custom icon.ico
2025-05-21 12:45:41,720 - INFO - Hotkey bound to: ~
2025-05-21 12:45:41,720 - DEBUG - File change observer started
2025-05-21 12:45:41,720 - INFO - Clicker application started successfully
2025-05-21 12:45:44,926 - INFO - Starting application cleanup for exit
2025-05-21 12:45:44,926 - DEBUG - Automation stopped
2025-05-21 12:45:44,926 - DEBUG - Stopping file observer
2025-05-21 12:45:44,928 - DEBUG - Observer thread joined
2025-05-21 12:45:44,928 - DEBUG - Cleanup: Removing lockfile
2025-05-21 12:45:44,930 - INFO - All resources cleaned up
2025-05-21 12:45:44,930 - INFO - Exiting application
